{
  "RSpec": {
    "coverage": {
      "/Users/wsmeeks/Work/transam_highway/lib/transam_highway.rb": [
        1,
        null,
        1,
        null,
        null
      ],
      "/Users/wsmeeks/Work/transam_highway/lib/transam_highway/engine.rb": [
        1,
        1,
        null,
        1,
        1,
        1,
        1,
        null,
        null,
        1,
        1,
        0,
        0,
        null,
        0,
        0,
        0,
        null,
        null,
        null,
        null,
        null,
        1,
        1,
        1,
        1,
        1,
        null,
        null,
        null,
        null
      ],
      "/Users/wsmeeks/Work/transam_highway/app/models/highway_structure.rb": [
        1,
        1,
        null,
        1,
        null,
        1,
        null,
        1,
        null,
        1,
        null,
        1,
        null,
        1,
        126,
        null,
        null,
        1,
        null,
        null,
        null,
        null,
        null,
        null,
        null,
        null,
        null,
        null,
        null,
        null,
        null,
        null,
        null,
        null,
        null,
        null,
        null,
        null,
        null,
        null,
        null,
        null,
        null,
        null,
        null,
        null,
        null,
        null,
        null,
        null,
        1,
        null,
        null,
        null,
        1,
        null,
        null,
        null,
        null,
        null,
        null,
        null,
        null,
        null,
        1,
        2,
        null,
        null,
        1,
        0,
        null,
        null,
        null,
        1,
        0,
        0,
        0,
        0,
        0,
        null,
        0,
        0,
        0,
        0,
        0,
        0,
        0,
        0,
        null,
        null,
        null,
        0,
        null,
        null,
        null,
        null,
        null,
        null,
        null,
        null,
        1,
        0,
        null,
        null,
        1,
        0,
        0,
        null,
        null,
        null,
        1,
        0,
        0,
        0,
        0,
        null,
        0,
        null,
        null,
        null
      ],
      "/Users/wsmeeks/Work/transam_highway/app/controllers/processable_uploads_controller.rb": [
        1,
        1,
        1,
        null,
        1,
        null,
        null,
        1,
        1,
        null,
        null,
        null,
        1,
        3,
        3,
        null,
        3,
        2,
        null,
        1,
        1,
        1,
        1,
        null,
        null,
        null,
        null,
        1,
        2,
        2,
        null,
        null,
        null,
        1,
        null,
        null,
        1,
        null,
        1,
        2,
        null,
        null,
        null,
        1,
        3,
        null,
        null
      ],
      "/Users/wsmeeks/Work/transam_highway/app/models/bridge_appraisal_rating_type.rb": [
        1,
        null,
        null,
        3,
        null,
        1,
        0,
        null,
        null,
        null
      ],
      "/Users/wsmeeks/Work/transam_highway/app/models/bridge_condition_rating_type.rb": [
        1,
        null,
        null,
        3,
        null,
        1,
        0,
        null,
        null,
        null,
        1,
        0,
        0,
        null,
        null,
        null
      ],
      "/Users/wsmeeks/Work/transam_highway/app/models/bridge.rb": [
        1,
        1,
        null,
        1,
        1,
        1,
        1,
        1,
        1,
        1,
        1,
        1,
        null,
        1,
        1,
        1,
        1,
        1,
        1,
        1,
        1,
        1,
        1,
        1,
        null,
        1,
        null,
        null,
        null,
        null,
        null,
        null,
        null,
        null,
        null,
        null,
        null,
        null,
        null,
        null,
        null,
        null,
        null,
        null,
        null,
        null,
        null,
        null,
        null,
        null,
        null,
        null,
        null,
        null,
        1,
        null,
        null,
        null,
        1,
        null,
        null,
        null,
        null,
        null,
        null,
        null,
        null,
        null,
        1,
        1,
        null,
        null,
        1,
        0,
        null,
        null,
        null,
        null,
        null,
        null,
        null,
        null,
        1,
        null,
        3,
        null,
        0,
        null,
        0,
        null,
        0,
        null,
        null,
        null,
        1,
        0,
        0,
        null,
        null,
        null,
        1,
        0,
        0,
        0,
        0,
        null,
        null,
        null
      ],
      "/Users/wsmeeks/Work/transam_highway/app/models/channel_condition_type.rb": [
        1,
        null,
        null,
        5,
        null,
        1,
        0,
        null,
        null,
        null
      ],
      "/Users/wsmeeks/Work/transam_highway/app/models/deck_protection_type.rb": [
        1,
        null,
        null,
        3,
        null,
        1,
        0,
        null,
        null,
        null
      ],
      "/Users/wsmeeks/Work/transam_highway/app/models/deck_structure_type.rb": [
        1,
        null,
        null,
        3,
        null,
        1,
        0,
        null,
        null,
        null
      ],
      "/Users/wsmeeks/Work/transam_highway/app/models/design_construction_type.rb": [
        1,
        null,
        1,
        null,
        null,
        3,
        null,
        1,
        0,
        null,
        null,
        null
      ],
      "/Users/wsmeeks/Work/transam_highway/app/models/highway_component.rb": [
        1,
        null,
        1,
        null,
        1,
        null,
        null
      ],
      "/Users/wsmeeks/Work/transam_highway/app/models/membrane_type.rb": [
        1,
        null,
        null,
        3,
        null,
        1,
        0,
        null,
        null,
        null
      ],
      "/Users/wsmeeks/Work/transam_highway/app/models/operational_status_type.rb": [
        1,
        null,
        null,
        3,
        null,
        1,
        0,
        null,
        null,
        null
      ],
      "/Users/wsmeeks/Work/transam_highway/app/models/processable_upload.rb": [
        1,
        null,
        1,
        null,
        1,
        1,
        null,
        1,
        1,
        null,
        1,
        null,
        null,
        null,
        null,
        1,
        3,
        null,
        null,
        1,
        0,
        null,
        null,
        1,
        null,
        1,
        8,
        null,
        null
      ],
      "/Users/wsmeeks/Work/transam_highway/app/models/route_signing_prefix.rb": [
        1,
        null,
        null,
        3,
        null,
        1,
        0,
        null,
        null,
        null
      ],
      "/Users/wsmeeks/Work/transam_highway/app/models/scour_critical_bridge_type.rb": [
        1,
        null,
        null,
        3,
        null,
        1,
        0,
        null,
        null,
        null
      ],
      "/Users/wsmeeks/Work/transam_highway/app/models/strahnet_designation_type.rb": [
        1,
        null,
        null,
        3,
        null,
        1,
        0,
        null,
        null,
        null
      ],
      "/Users/wsmeeks/Work/transam_highway/app/models/structure_material_type.rb": [
        1,
        null,
        null,
        3,
        null,
        1,
        0,
        null,
        null,
        null
      ],
      "/Users/wsmeeks/Work/transam_highway/app/models/wearing_surface_type.rb": [
        1,
        null,
        null,
        3,
        null,
        1,
        0,
        null,
        null,
        null
      ],
      "/Users/wsmeeks/Work/transam_highway/app/controllers/api/v1/associations_controller.rb": [
        1,
        1,
        null,
        null,
        null,
        1,
        null,
        null,
        1,
        null,
        1,
        6,
        4,
        2,
        2,
        2,
        null,
        0,
        null,
        null,
        2,
        null,
        null,
        null,
        2,
        2,
        2,
        32,
        32,
        32,
        null,
        null,
        null,
        null,
        6,
        0,
        0,
        0,
        6,
        2,
        2,
        2,
        null,
        null,
        null,
        1,
        34,
        34,
        null,
        0,
        null,
        null,
        null,
        1,
        4,
        null,
        null,
        1,
        6,
        null,
        null,
        null
      ],
      "/Users/wsmeeks/Work/transam_highway/app/controllers/api/v1/bridges_controller.rb": [
        1,
        1,
        null,
        null,
        1,
        1,
        1,
        null,
        null,
        null,
        1,
        null,
        null,
        null,
        1,
        1,
        1,
        0,
        0,
        0,
        null,
        null,
        null,
        null,
        1,
        1,
        0,
        0,
        0,
        null,
        null,
        null,
        null,
        1,
        1,
        0,
        0,
        0,
        null,
        null,
        null,
        1,
        null,
        1,
        null,
        1,
        null,
        null,
        null,
        1,
        4,
        null,
        4,
        1,
        1,
        1,
        null,
        null,
        null,
        null,
        1,
        1,
        null,
        null,
        1,
        1,
        null,
        null,
        null
      ],
      "/Users/wsmeeks/Work/transam_highway/app/controllers/api/v1/highway_structures_controller.rb": [
        1,
        1,
        null,
        null,
        1,
        1,
        1,
        null,
        null,
        null,
        1,
        null,
        null,
        null,
        1,
        1,
        1,
        0,
        0,
        0,
        null,
        null,
        null,
        null,
        1,
        1,
        0,
        0,
        0,
        null,
        null,
        null,
        null,
        1,
        1,
        0,
        0,
        0,
        null,
        null,
        null,
        1,
        null,
        1,
        null,
        1,
        null,
        null,
        null,
        1,
        4,
        null,
        4,
        1,
        1,
        1,
        null,
        null,
        null,
        null,
        1,
        1,
        null,
        null,
        1,
        1,
        null,
        null,
        null
      ],
      "/Users/wsmeeks/Work/transam_highway/app/models/structure_status_type.rb": [
        1,
        null,
        null,
        3,
        null,
        1,
        0,
        null,
        null,
        null
      ],
      "/Users/wsmeeks/Work/transam_highway/app/models/region.rb": [
        1,
        null,
        null,
        3,
        null,
        1,
        0,
        null,
        null,
        null
      ],
      "/Users/wsmeeks/Work/transam_highway/app/models/maintenance_section.rb": [
        1,
        null,
        null,
        3,
        null,
        1,
        0,
        null,
        null,
        null
      ],
      "/Users/wsmeeks/Work/transam_highway/app/searches/concerns/highway_asset_map_searchable.rb": [
        null,
        null,
        0,
        null,
        0,
        null,
        0,
        null,
        0,
        null,
        0,
        null,
        null,
        null,
        null,
        null,
        null,
        0,
        null,
        0,
        null,
        null,
        null,
        null,
        null,
        0,
        null,
        0,
        0,
        null,
        0,
        0,
        0,
        0,
        0,
        0,
        0,
        0,
        0,
        null,
        0,
        0,
        0,
        0,
        0,
        0,
        0,
        null,
        0,
        0,
        0,
        0,
        null,
        0,
        0,
        0,
        0,
        null,
        0
      ],
      "/Users/wsmeeks/Work/transam_highway/app/models/highway_authority.rb": [
        null,
        null,
        null,
        null,
        null,
        null,
        null,
        0,
        null,
        null,
        null,
        null,
        0,
        null,
        null,
        null,
        null,
        null,
        null,
        null,
        0,
        null,
        null,
        0,
        null,
        0,
        null,
        null,
        null,
        null,
        null,
        0,
        null,
        null,
        0,
        0,
        null,
        null,
        null,
        null,
        null,
        null,
        null,
        0,
        0,
        0,
        null,
        0,
        0,
        0,
        null,
        null,
        null,
        null,
        null,
        null,
        null,
        0,
        0,
        0,
        null,
        null,
        0,
        0,
        0,
        null,
        null,
        null,
        0,
        0,
        0,
        null,
        0,
        null,
        0,
        0,
        null,
        0,
        0,
        0,
        null,
        null,
        null,
        null,
        null,
        0,
        0,
        0,
        null,
        null,
        null,
        null,
        null,
        null,
        0,
        null,
        null,
        0,
        0,
        0,
        0,
        0,
        null,
        0
      ],
      "/Users/wsmeeks/Work/transam_highway/app/controllers/highway_maps_controller.rb": [
        0,
        0,
        0,
        null,
        0,
        0,
        null,
        0,
        null,
        0,
        0,
        0,
        0,
        0,
        0,
        0,
        0,
        0,
        0,
        0,
        0,
        0,
        0,
        0,
        0,
        0,
        0,
        0,
        null,
        0,
        0,
        null,
        0,
        0,
        null,
        0,
        null,
        0,
        0,
        0,
        0,
        null,
        0,
        0,
        0,
        0,
        0,
        0,
        null,
        0,
        0,
        null,
        0,
        0,
        0,
        0,
        0,
        0,
        0,
        null,
        0,
        0,
        0,
        0,
        0,
        0,
        null,
        0,
        0,
        null,
        0,
        0,
        0,
        0,
        0,
        0,
        null,
        0,
        null,
        0,
        null,
        null,
        0,
        null,
        0,
        0,
        0,
        0,
        0,
        0,
        0,
        0,
        0,
        null,
        0,
        0,
        0,
        0
      ],
      "/Users/wsmeeks/Work/transam_highway/lib/transam_highway/version.rb": [
        0,
        0,
        0
      ]
    },
    "timestamp": 1548967723
  }
}
